Drill report for 400W Amplifier.kicad_pcb
Created on 2026-07-18T19:08:33+0530

Copper Layer Stackup:
    =============================================================
    L1 :  F.Cu                      front
    L2 :  In1.Cu                    in1
    L3 :  In2.Cu                    in2
    L4 :  B.Cu                      back


Drill file '400W Amplifier-PTH.drl' contains
    plated through holes:
    =============================================================
    T1  0.300mm  0.0118"  (26 holes)
    T2  0.750mm  0.0295"  (12 holes)
    T3  0.800mm  0.0315"  (8 holes)
    T4  1.000mm  0.0394"  (2 holes)
    T5  1.100mm  0.0433"  (9 holes)
    T6  1.300mm  0.0512"  (5 holes)
    T7  1.800mm  0.0709"  (2 holes)

    Total plated holes count 64


Drill file '400W Amplifier-NPTH.drl' contains
    unplated through holes:
    =============================================================
    T1  1.700mm  0.0669"  (2 holes)

    Total unplated holes count 2
